INFO:root:-------------System Start-------------  at 2020-11-28 13:45:04.077882
INFO:root: #####   #####   #####   ####    #####
INFO:root: #         #     #   #   #   #     #  
INFO:root: #####     #     #####   ####      #  
INFO:root:     #     #     #   #   #  #      #  
INFO:root: #####     #     #   #   #   #     #  

INFO:root:-------------System Start-------------  at 2020-11-28 13:45:13.878914
INFO:root: #####   #####   #####   ####    #####
INFO:root: #         #     #   #   #   #     #  
INFO:root: #####     #     #####   ####      #  
INFO:root:     #     #     #   #   #  #      #  
INFO:root: #####     #     #   #   #   #     #  

INFO:root:-------------System Start-------------  at 2020-11-28 13:45:42.008310
INFO:root: #####   #####   #####   ####    #####
INFO:root: #         #     #   #   #   #     #  
INFO:root: #####     #     #####   ####      #  
INFO:root:     #     #     #   #   #  #      #  
INFO:root: #####     #     #   #   #   #     #  

INFO:root:-------------System Start-------------  at 2020-11-28 13:46:00.835370
INFO:root: #####   #####   #####   ####    #####
INFO:root: #         #     #   #   #   #     #  
INFO:root: #####     #     #####   ####      #  
INFO:root:     #     #     #   #   #  #      #  
INFO:root: #####     #     #   #   #   #     #  

INFO:root:-------------System Start-------------  at 2020-11-28 13:46:29.608772
INFO:root: #####   #####   #####   ####    #####
INFO:root: #         #     #   #   #   #     #  
INFO:root: #####     #     #####   ####      #  
INFO:root:     #     #     #   #   #  #      #  
INFO:root: #####     #     #   #   #   #     #  

INFO:root:faces: 1 at 2020-11-28 13:46:30.738123
INFO:root:faces: 1 at 2020-11-28 13:46:31.118126
INFO:root:faces: 1 at 2020-11-28 13:46:33.166044
INFO:root:faces: 1 at 2020-11-28 13:46:33.854736
INFO:root:faces: 1 at 2020-11-28 13:46:33.990737
INFO:root:faces: 2 at 2020-11-28 13:46:34.066739
INFO:root:faces: 1 at 2020-11-28 13:46:34.130738
INFO:root:faces: 1 at 2020-11-28 13:46:35.507723
INFO:root:faces: 1 at 2020-11-28 13:46:36.609650
INFO:root:faces: 1 at 2020-11-28 13:46:36.749650
INFO:root:faces: 1 at 2020-11-28 13:46:36.961651
INFO:root:faces: 1 at 2020-11-28 13:46:37.165650
INFO:root:faces: 2 at 2020-11-28 13:46:37.245649
INFO:root:faces: 1 at 2020-11-28 13:46:37.389651
INFO:root:faces: 1 at 2020-11-28 13:46:37.525651
INFO:root:faces: 1 at 2020-11-28 13:46:37.729976
INFO:root:faces: 1 at 2020-11-28 13:46:37.953977
INFO:root:faces: 1 at 2020-11-28 13:46:38.117976
INFO:root:faces: 1 at 2020-11-28 13:46:38.368056
INFO:root:faces: 1 at 2020-11-28 13:46:38.528056
INFO:root:faces: 1 at 2020-11-28 13:46:38.748054
INFO:root:faces: 1 at 2020-11-28 13:46:39.110598
INFO:root:faces: 1 at 2020-11-28 13:46:39.304673
INFO:root:faces: 2 at 2020-11-28 13:46:39.368674
INFO:root:faces: 1 at 2020-11-28 13:46:39.504674
INFO:root:faces: 1 at 2020-11-28 13:46:39.700673
INFO:root:faces: 1 at 2020-11-28 13:46:40.100673
INFO:root:faces: 1 at 2020-11-28 13:46:40.880499
INFO:root:faces: 1 at 2020-11-28 13:46:41.284499
INFO:root:faces: 1 at 2020-11-28 13:46:41.488497
INFO:root:faces: 2 at 2020-11-28 13:46:42.882593
INFO:root:faces: 2 at 2020-11-28 13:46:43.399299
INFO:root:faces: 2 at 2020-11-28 13:46:45.380326
INFO:root:faces: 2 at 2020-11-28 13:46:49.017698
INFO:root:faces: 2 at 2020-11-28 13:46:49.861697
INFO:root:faces: 2 at 2020-11-28 13:46:54.361262
INFO:root:faces: 3 at 2020-11-28 13:46:54.457265
INFO:root:faces: 2 at 2020-11-28 13:46:54.545263
INFO:root:faces: 2 at 2020-11-28 13:46:54.913263
INFO:root:faces: 1 at 2020-11-28 13:46:59.532353
INFO:root:faces: 2 at 2020-11-28 13:47:00.072356
INFO:root:faces: 1 at 2020-11-28 13:47:01.280113
INFO:root:faces: 1 at 2020-11-28 13:47:01.588113
INFO:root:faces: 2 at 2020-11-28 13:47:02.976955
INFO:root:faces: 2 at 2020-11-28 13:47:05.120123
INFO:root:faces: 1 at 2020-11-28 13:47:05.476123
INFO:root:faces: 1 at 2020-11-28 13:47:05.708122
INFO:root:faces: 2 at 2020-11-28 13:47:05.923563
INFO:root:faces: 1 at 2020-11-28 13:47:05.991563
INFO:root:faces: 1 at 2020-11-28 13:47:06.213701
INFO:root:faces: 1 at 2020-11-28 13:47:10.497643
INFO:root:faces: 1 at 2020-11-28 13:47:10.701643
INFO:root:faces: 2 at 2020-11-28 13:47:13.961274
INFO:root:faces: 2 at 2020-11-28 13:47:14.153274
INFO:root:faces: 1 at 2020-11-28 13:47:17.191889
INFO:root:faces: 1 at 2020-11-28 13:47:32.803709
INFO:root:-------System Offline---------  at 2020-11-28 13:47:36.229733
INFO:root:-------------System Start-------------  at 2020-11-29 11:38:01.992787
INFO:root: #####   #####   #####   ####    #####
INFO:root: #         #     #   #   #   #     #  
INFO:root: #####     #     #####   ####      #  
INFO:root:     #     #     #   #   #  #      #  
INFO:root: #####     #     #   #   #   #     #  

INFO:root:faces: 1 at 2020-11-29 11:38:03.324994
INFO:root:faces: 1 at 2020-11-29 11:38:07.256111
INFO:root:faces: 1 at 2020-11-29 11:38:07.710111
INFO:root:faces: 1 at 2020-11-29 11:38:08.114112
INFO:root:faces: 1 at 2020-11-29 11:38:08.396140
INFO:root:faces: 1 at 2020-11-29 11:38:08.959155
INFO:root:-------System Offline---------  at 2020-11-29 11:38:09.660155
